Using pre-set license
Built from '2020.2/china_unity/release' branch; Version is '2020.2.2f1c1 (e7e650540bb3) revision 15197776'; Using compiler version '192528614'; Build Type 'Release'
OS: 'Windows 10 Home China; OS build 19042.928; Version 2009; 64bit' Language: 'zh' Physical Memory: 16325 MB
BatchMode: 1, IsHumanControllingUs: 0, StartBugReporterOnCrash: 0, Is64bit: 1, IsPro: 0

 COMMAND LINE ARGUMENTS:
E:\Astudyfile\UnityEditor\2020.2.2f1c1\Editor\Unity.exe
-adb2
-batchMode
-noUpm
-name
AssetImportWorker0
-projectPath
E:/Astudyfile/AHomeWork/Unity/TetrisDBG
-logFile
Logs/AssetImportWorker0.log
-srvPort
54058
Successfully changed project path to: E:/Astudyfile/AHomeWork/Unity/TetrisDBG
E:/Astudyfile/AHomeWork/Unity/TetrisDBG
Using Asset Import Pipeline V2.
Refreshing native plugins compatible for Editor in 53.44 ms, found 1 plugins.
Preloading 0 native plugins for Editor in 0.00 ms.
Initialize engine version: 2020.2.2f1c1 (e7e650540bb3)
[Subsystems] Discovering subsystems at path E:/Astudyfile/UnityEditor/2020.2.2f1c1/Editor/Data/Resources/UnitySubsystems
[Subsystems] Discovering subsystems at path E:/Astudyfile/AHomeWork/Unity/TetrisDBG/Assets
GfxDevice: creating device client; threaded=0
Direct3D:
    Version:  Direct3D 11.0 [level 11.1]
    Renderer: NVIDIA GeForce GTX 1070 (ID=0x1ba1)
    Vendor:   
    VRAM:     8082 MB
    Driver:   27.21.14.5774
Initialize mono
Mono path[0] = 'E:/Astudyfile/UnityEditor/2020.2.2f1c1/Editor/Data/Managed'
Mono path[1] = 'E:/Astudyfile/UnityEditor/2020.2.2f1c1/Editor/Data/MonoBleedingEdge/lib/mono/unityjit'
Mono config path = 'E:/Astudyfile/UnityEditor/2020.2.2f1c1/Editor/Data/MonoBleedingEdge/etc'
Using monoOptions --debugger-agent=transport=dt_socket,embedding=1,server=y,suspend=n,address=127.0.0.1:56456
Begin MonoManager ReloadAssembly
Registering precompiled unity dll's ...
Register platform support module: E:/Astudyfile/UnityEditor/2020.2.2f1c1/Editor/Data/PlaybackEngines/WindowsStandaloneSupport/UnityEditor.WindowsStandalone.Extensions.dll
Registered in 0.001254 seconds.
Native extension for WindowsStandalone target not found
Refreshing native plugins compatible for Editor in 47.81 ms, found 1 plugins.
Preloading 0 native plugins for Editor in 0.00 ms.
Invoked RoslynAnalysisRunner static constructor.
RoslynAnalysisRunner will not be running.
RoslynAnalysisRunner has terminated.
Mono: successfully reloaded assembly
- Completed reload, in  2.096 seconds
Platform modules already initialized, skipping
Registering precompiled user dll's ...
Registered in 0.001067 seconds.
Begin MonoManager ReloadAssembly
Native extension for WindowsStandalone target not found
Refreshing native plugins compatible for Editor in 52.27 ms, found 1 plugins.
Preloading 0 native plugins for Editor in 0.00 ms.
Invoked RoslynAnalysisRunner static constructor.
RoslynAnalysisRunner will not be running.
RoslynAnalysisRunner has terminated.
Mono: successfully reloaded assembly
- Completed reload, in  0.950 seconds
Platform modules already initialized, skipping
========================================================================
Worker process is ready to serve import requests
Launched and connected shader compiler UnityShaderCompiler.exe after 0.07 seconds
Refreshing native plugins compatible for Editor in 0.45 ms, found 1 plugins.
Preloading 0 native plugins for Editor in 0.00 ms.
Unloading 1871 Unused Serialized files (Serialized files now loaded: 0)
System memory in use before: 91.0 MB.
System memory in use after: 91.1 MB.

Unloading 19 unused Assets to reduce memory usage. Loaded Objects now: 2319.
Total: 2.221500 ms (FindLiveObjects: 0.241200 ms CreateObjectMapping: 0.320700 ms MarkObjects: 1.594800 ms  DeleteObjects: 0.063500 ms)

========================================================================
Received Import Request.
  path: Assets/Scenes/MapScene_Test.unity
  artifactKey: Guid(5fdd71e176baebb45a8c92e0825f1c46) Importer(815301076,1909f56bfc062723c751e8b465ee728b)
Start importing Assets/Scenes/MapScene_Test.unity using Guid(5fdd71e176baebb45a8c92e0825f1c46) Importer(815301076,1909f56bfc062723c751e8b465ee728b)  -> (artifact id: 'bd845d20c8c67397434ce94a16369820') in 0.011797 seconds
  Import took 0.014709 seconds .

========================================================================
Received Prepare
Registering precompiled user dll's ...
Registered in 0.001267 seconds.
Begin MonoManager ReloadAssembly
Native extension for WindowsStandalone target not found
Refreshing native plugins compatible for Editor in 0.50 ms, found 1 plugins.
Preloading 0 native plugins for Editor in 0.00 ms.
Invoked RoslynAnalysisRunner static constructor.
RoslynAnalysisRunner will not be running.
RoslynAnalysisRunner has terminated.
Mono: successfully reloaded assembly
- Completed reload, in  0.915 seconds
Platform modules already initialized, skipping
Refreshing native plugins compatible for Editor in 0.52 ms, found 1 plugins.
Preloading 0 native plugins for Editor in 0.00 ms.
Unloading 1846 Unused Serialized files (Serialized files now loaded: 0)
System memory in use before: 89.6 MB.
System memory in use after: 89.7 MB.

Unloading 7 unused Assets to reduce memory usage. Loaded Objects now: 2323.
Total: 1.749900 ms (FindLiveObjects: 0.172500 ms CreateObjectMapping: 0.067500 ms MarkObjects: 1.493700 ms  DeleteObjects: 0.015000 ms)

========================================================================
Received Import Request.
  Time since last request: 70.121018 seconds.
  path: Assets/Scripts/UI/ShowDeckButton.cs
  artifactKey: Guid(4e00659c1425913458f705349984f53e) Importer(815301076,1909f56bfc062723c751e8b465ee728b)
Start importing Assets/Scripts/UI/ShowDeckButton.cs using Guid(4e00659c1425913458f705349984f53e) Importer(815301076,1909f56bfc062723c751e8b465ee728b)  -> (artifact id: '03eaa2eaa9816ff3d67c328ec97db157') in 0.057199 seconds
  Import took 0.061396 seconds .

========================================================================
Received Prepare
Registering precompiled user dll's ...
Registered in 0.001291 seconds.
Begin MonoManager ReloadAssembly
Native extension for WindowsStandalone target not found
Refreshing native plugins compatible for Editor in 0.49 ms, found 1 plugins.
Preloading 0 native plugins for Editor in 0.00 ms.
Invoked RoslynAnalysisRunner static constructor.
RoslynAnalysisRunner will not be running.
RoslynAnalysisRunner has terminated.
Mono: successfully reloaded assembly
- Completed reload, in  0.978 seconds
Platform modules already initialized, skipping
Refreshing native plugins compatible for Editor in 0.48 ms, found 1 plugins.
Preloading 0 native plugins for Editor in 0.00 ms.
Unloading 1846 Unused Serialized files (Serialized files now loaded: 0)
System memory in use before: 89.8 MB.
System memory in use after: 90.0 MB.

Unloading 7 unused Assets to reduce memory usage. Loaded Objects now: 2326.
Total: 2.192800 ms (FindLiveObjects: 0.217600 ms CreateObjectMapping: 0.088700 ms MarkObjects: 1.865000 ms  DeleteObjects: 0.019900 ms)

========================================================================
Received Import Request.
  Time since last request: 5.518200 seconds.
  path: Assets/Scripts/UI/MapUI
  artifactKey: Guid(49903587750247a41b31bcea5a8fdcfc) Importer(815301076,1909f56bfc062723c751e8b465ee728b)
Start importing Assets/Scripts/UI/MapUI using Guid(49903587750247a41b31bcea5a8fdcfc) Importer(815301076,1909f56bfc062723c751e8b465ee728b)  -> (artifact id: '3f5dffe8af1bf58c78b16b76b0741e63') in 0.006149 seconds
  Import took 0.009009 seconds .

========================================================================
Received Import Request.
  Time since last request: 0.004708 seconds.
  path: Assets/Scripts/UI/MapUI
  artifactKey: Guid(49903587750247a41b31bcea5a8fdcfc) Importer(815301076,1909f56bfc062723c751e8b465ee728b)
Start importing Assets/Scripts/UI/MapUI using Guid(49903587750247a41b31bcea5a8fdcfc) Importer(815301076,1909f56bfc062723c751e8b465ee728b)  -> (artifact id: '3f5dffe8af1bf58c78b16b76b0741e63') in 0.003003 seconds
  Import took 0.005843 seconds .

========================================================================
Received Prepare
Registering precompiled user dll's ...
Registered in 0.001336 seconds.
Begin MonoManager ReloadAssembly
Native extension for WindowsStandalone target not found
Refreshing native plugins compatible for Editor in 0.74 ms, found 1 plugins.
Preloading 0 native plugins for Editor in 0.00 ms.
Invoked RoslynAnalysisRunner static constructor.
RoslynAnalysisRunner will not be running.
RoslynAnalysisRunner has terminated.
Mono: successfully reloaded assembly
- Completed reload, in  0.926 seconds
Platform modules already initialized, skipping
Refreshing native plugins compatible for Editor in 0.47 ms, found 1 plugins.
Preloading 0 native plugins for Editor in 0.00 ms.
Unloading 1846 Unused Serialized files (Serialized files now loaded: 0)
System memory in use before: 90.1 MB.
System memory in use after: 90.2 MB.

Unloading 7 unused Assets to reduce memory usage. Loaded Objects now: 2329.
Total: 2.186100 ms (FindLiveObjects: 0.211300 ms CreateObjectMapping: 0.096900 ms MarkObjects: 1.859700 ms  DeleteObjects: 0.017000 ms)

========================================================================
Received Prepare
Registering precompiled user dll's ...
Registered in 0.001145 seconds.
Begin MonoManager ReloadAssembly
Native extension for WindowsStandalone target not found
Refreshing native plugins compatible for Editor in 0.47 ms, found 1 plugins.
Preloading 0 native plugins for Editor in 0.00 ms.
Invoked RoslynAnalysisRunner static constructor.
RoslynAnalysisRunner will not be running.
RoslynAnalysisRunner has terminated.
Mono: successfully reloaded assembly
- Completed reload, in  0.866 seconds
Platform modules already initialized, skipping
Refreshing native plugins compatible for Editor in 0.47 ms, found 1 plugins.
Preloading 0 native plugins for Editor in 0.00 ms.
Unloading 1846 Unused Serialized files (Serialized files now loaded: 0)
System memory in use before: 90.2 MB.
System memory in use after: 90.3 MB.

Unloading 7 unused Assets to reduce memory usage. Loaded Objects now: 2332.
Total: 1.958000 ms (FindLiveObjects: 0.210100 ms CreateObjectMapping: 0.082700 ms MarkObjects: 1.649600 ms  DeleteObjects: 0.014600 ms)

========================================================================
Received Import Request.
  Time since last request: 138.949780 seconds.
  path: Assets/Scripts/Manager/MapUIManager.cs
  artifactKey: Guid(ca91a807fd04a124da421c5566122b8b) Importer(815301076,1909f56bfc062723c751e8b465ee728b)
Start importing Assets/Scripts/Manager/MapUIManager.cs using Guid(ca91a807fd04a124da421c5566122b8b) Importer(815301076,1909f56bfc062723c751e8b465ee728b)  -> (artifact id: '9bfd96d2eaf293173794b4db9081df93') in 0.023112 seconds
  Import took 0.027938 seconds .

========================================================================
Received Prepare
Registering precompiled user dll's ...
Registered in 0.001117 seconds.
Begin MonoManager ReloadAssembly
Native extension for WindowsStandalone target not found
Refreshing native plugins compatible for Editor in 0.47 ms, found 1 plugins.
Preloading 0 native plugins for Editor in 0.00 ms.
Invoked RoslynAnalysisRunner static constructor.
RoslynAnalysisRunner will not be running.
RoslynAnalysisRunner has terminated.
Mono: successfully reloaded assembly
- Completed reload, in  1.018 seconds
Platform modules already initialized, skipping
Refreshing native plugins compatible for Editor in 0.49 ms, found 1 plugins.
Preloading 0 native plugins for Editor in 0.00 ms.
Unloading 1847 Unused Serialized files (Serialized files now loaded: 0)
System memory in use before: 90.6 MB.
System memory in use after: 90.7 MB.

Unloading 7 unused Assets to reduce memory usage. Loaded Objects now: 2336.
Total: 2.109900 ms (FindLiveObjects: 0.191500 ms CreateObjectMapping: 0.079200 ms MarkObjects: 1.821200 ms  DeleteObjects: 0.016800 ms)

========================================================================
Received Prepare
Registering precompiled user dll's ...
Registered in 0.001424 seconds.
Begin MonoManager ReloadAssembly
Native extension for WindowsStandalone target not found
Refreshing native plugins compatible for Editor in 0.47 ms, found 1 plugins.
Preloading 0 native plugins for Editor in 0.00 ms.
Invoked RoslynAnalysisRunner static constructor.
RoslynAnalysisRunner will not be running.
RoslynAnalysisRunner has terminated.
Mono: successfully reloaded assembly
- Completed reload, in  0.904 seconds
Platform modules already initialized, skipping
Refreshing native plugins compatible for Editor in 0.50 ms, found 1 plugins.
Preloading 0 native plugins for Editor in 0.00 ms.
Unloading 1847 Unused Serialized files (Serialized files now loaded: 0)
System memory in use before: 90.9 MB.
System memory in use after: 91.0 MB.

Unloading 7 unused Assets to reduce memory usage. Loaded Objects now: 2339.
Total: 1.957600 ms (FindLiveObjects: 0.189000 ms CreateObjectMapping: 0.077500 ms MarkObjects: 1.675800 ms  DeleteObjects: 0.014200 ms)

========================================================================
Received Prepare
Registering precompiled user dll's ...
Registered in 0.001118 seconds.
Begin MonoManager ReloadAssembly
Native extension for WindowsStandalone target not found
Refreshing native plugins compatible for Editor in 0.47 ms, found 1 plugins.
Preloading 0 native plugins for Editor in 0.00 ms.
Invoked RoslynAnalysisRunner static constructor.
RoslynAnalysisRunner will not be running.
RoslynAnalysisRunner has terminated.
Mono: successfully reloaded assembly
- Completed reload, in  0.887 seconds
Platform modules already initialized, skipping
Refreshing native plugins compatible for Editor in 0.47 ms, found 1 plugins.
Preloading 0 native plugins for Editor in 0.00 ms.
Unloading 1847 Unused Serialized files (Serialized files now loaded: 0)
System memory in use before: 91.1 MB.
System memory in use after: 91.2 MB.

Unloading 7 unused Assets to reduce memory usage. Loaded Objects now: 2342.
Total: 1.955900 ms (FindLiveObjects: 0.215100 ms CreateObjectMapping: 0.089800 ms MarkObjects: 1.633700 ms  DeleteObjects: 0.015700 ms)

========================================================================
Received Prepare
Registering precompiled user dll's ...
Registered in 0.001137 seconds.
Begin MonoManager ReloadAssembly
Native extension for WindowsStandalone target not found
Refreshing native plugins compatible for Editor in 0.47 ms, found 1 plugins.
Preloading 0 native plugins for Editor in 0.00 ms.
Invoked RoslynAnalysisRunner static constructor.
RoslynAnalysisRunner will not be running.
RoslynAnalysisRunner has terminated.
Mono: successfully reloaded assembly
- Completed reload, in  0.825 seconds
Platform modules already initialized, skipping
Refreshing native plugins compatible for Editor in 0.48 ms, found 1 plugins.
Preloading 0 native plugins for Editor in 0.00 ms.
Unloading 1847 Unused Serialized files (Serialized files now loaded: 0)
System memory in use before: 91.2 MB.
System memory in use after: 91.3 MB.

Unloading 7 unused Assets to reduce memory usage. Loaded Objects now: 2345.
Total: 2.024200 ms (FindLiveObjects: 0.202600 ms CreateObjectMapping: 0.090500 ms MarkObjects: 1.714800 ms  DeleteObjects: 0.014800 ms)

========================================================================
Received Prepare
Registering precompiled user dll's ...
Registered in 0.001113 seconds.
Begin MonoManager ReloadAssembly
Native extension for WindowsStandalone target not found
Refreshing native plugins compatible for Editor in 0.48 ms, found 1 plugins.
Preloading 0 native plugins for Editor in 0.00 ms.
Invoked RoslynAnalysisRunner static constructor.
RoslynAnalysisRunner will not be running.
RoslynAnalysisRunner has terminated.
Mono: successfully reloaded assembly
- Completed reload, in  0.852 seconds
Platform modules already initialized, skipping
Refreshing native plugins compatible for Editor in 0.50 ms, found 1 plugins.
Preloading 0 native plugins for Editor in 0.00 ms.
Unloading 1847 Unused Serialized files (Serialized files now loaded: 0)
System memory in use before: 90.6 MB.
System memory in use after: 90.7 MB.

Unloading 7 unused Assets to reduce memory usage. Loaded Objects now: 2348.
Total: 2.035200 ms (FindLiveObjects: 0.282600 ms CreateObjectMapping: 0.078200 ms MarkObjects: 1.657300 ms  DeleteObjects: 0.015700 ms)

========================================================================
Received Prepare
Registering precompiled user dll's ...
Registered in 0.001096 seconds.
Begin MonoManager ReloadAssembly
Native extension for WindowsStandalone target not found
Refreshing native plugins compatible for Editor in 0.47 ms, found 1 plugins.
Preloading 0 native plugins for Editor in 0.00 ms.
Invoked RoslynAnalysisRunner static constructor.
RoslynAnalysisRunner will not be running.
RoslynAnalysisRunner has terminated.
Mono: successfully reloaded assembly
- Completed reload, in  0.855 seconds
Platform modules already initialized, skipping
Refreshing native plugins compatible for Editor in 0.47 ms, found 1 plugins.
Preloading 0 native plugins for Editor in 0.00 ms.
Unloading 1847 Unused Serialized files (Serialized files now loaded: 0)
System memory in use before: 90.9 MB.
System memory in use after: 91.0 MB.

Unloading 7 unused Assets to reduce memory usage. Loaded Objects now: 2351.
Total: 1.953000 ms (FindLiveObjects: 0.184300 ms CreateObjectMapping: 0.076000 ms MarkObjects: 1.675900 ms  DeleteObjects: 0.015600 ms)

========================================================================
Received Prepare
Registering precompiled user dll's ...
Registered in 0.001222 seconds.
Begin MonoManager ReloadAssembly
Native extension for WindowsStandalone target not found
Refreshing native plugins compatible for Editor in 0.48 ms, found 1 plugins.
Preloading 0 native plugins for Editor in 0.00 ms.
Invoked RoslynAnalysisRunner static constructor.
RoslynAnalysisRunner will not be running.
RoslynAnalysisRunner has terminated.
Mono: successfully reloaded assembly
- Completed reload, in  0.925 seconds
Platform modules already initialized, skipping
Refreshing native plugins compatible for Editor in 0.48 ms, found 1 plugins.
Preloading 0 native plugins for Editor in 0.00 ms.
Unloading 1847 Unused Serialized files (Serialized files now loaded: 0)
System memory in use before: 91.1 MB.
System memory in use after: 91.2 MB.

Unloading 7 unused Assets to reduce memory usage. Loaded Objects now: 2354.
Total: 1.830100 ms (FindLiveObjects: 0.161400 ms CreateObjectMapping: 0.061000 ms MarkObjects: 1.593400 ms  DeleteObjects: 0.013400 ms)

========================================================================
Received Prepare
Registering precompiled user dll's ...
Registered in 0.001301 seconds.
Begin MonoManager ReloadAssembly
Native extension for WindowsStandalone target not found
Refreshing native plugins compatible for Editor in 0.63 ms, found 1 plugins.
Preloading 0 native plugins for Editor in 0.00 ms.
Invoked RoslynAnalysisRunner static constructor.
RoslynAnalysisRunner will not be running.
RoslynAnalysisRunner has terminated.
Mono: successfully reloaded assembly
- Completed reload, in  1.017 seconds
Platform modules already initialized, skipping
Refreshing native plugins compatible for Editor in 0.48 ms, found 1 plugins.
Preloading 0 native plugins for Editor in 0.00 ms.
Unloading 1847 Unused Serialized files (Serialized files now loaded: 0)
System memory in use before: 91.2 MB.
System memory in use after: 91.4 MB.

Unloading 7 unused Assets to reduce memory usage. Loaded Objects now: 2357.
Total: 1.940900 ms (FindLiveObjects: 0.226100 ms CreateObjectMapping: 0.099700 ms MarkObjects: 1.597300 ms  DeleteObjects: 0.016700 ms)

========================================================================
Received Prepare
Registering precompiled user dll's ...
Registered in 0.001060 seconds.
Begin MonoManager ReloadAssembly
Native extension for WindowsStandalone target not found
Refreshing native plugins compatible for Editor in 0.52 ms, found 1 plugins.
Preloading 0 native plugins for Editor in 0.00 ms.
Invoked RoslynAnalysisRunner static constructor.
RoslynAnalysisRunner will not be running.
RoslynAnalysisRunner has terminated.
Mono: successfully reloaded assembly
- Completed reload, in  0.849 seconds
Platform modules already initialized, skipping
Refreshing native plugins compatible for Editor in 0.47 ms, found 1 plugins.
Preloading 0 native plugins for Editor in 0.00 ms.
Unloading 1847 Unused Serialized files (Serialized files now loaded: 0)
System memory in use before: 90.6 MB.
System memory in use after: 90.7 MB.

Unloading 7 unused Assets to reduce memory usage. Loaded Objects now: 2360.
Total: 1.776400 ms (FindLiveObjects: 0.193600 ms CreateObjectMapping: 0.068500 ms MarkObjects: 1.499000 ms  DeleteObjects: 0.014300 ms)

========================================================================
Received Prepare
Registering precompiled user dll's ...
Registered in 0.001107 seconds.
Begin MonoManager ReloadAssembly
Native extension for WindowsStandalone target not found
Refreshing native plugins compatible for Editor in 0.48 ms, found 1 plugins.
Preloading 0 native plugins for Editor in 0.00 ms.
Invoked RoslynAnalysisRunner static constructor.
RoslynAnalysisRunner will not be running.
RoslynAnalysisRunner has terminated.
Mono: successfully reloaded assembly
- Completed reload, in  0.896 seconds
Platform modules already initialized, skipping
Refreshing native plugins compatible for Editor in 0.57 ms, found 1 plugins.
Preloading 0 native plugins for Editor in 0.00 ms.
Unloading 1847 Unused Serialized files (Serialized files now loaded: 0)
System memory in use before: 90.8 MB.
System memory in use after: 90.9 MB.

Unloading 7 unused Assets to reduce memory usage. Loaded Objects now: 2363.
Total: 2.923700 ms (FindLiveObjects: 0.388900 ms CreateObjectMapping: 0.219200 ms MarkObjects: 2.298900 ms  DeleteObjects: 0.015300 ms)

========================================================================
Received Prepare
Registering precompiled user dll's ...
Registered in 0.001135 seconds.
Begin MonoManager ReloadAssembly
Native extension for WindowsStandalone target not found
Refreshing native plugins compatible for Editor in 0.64 ms, found 1 plugins.
Preloading 0 native plugins for Editor in 0.00 ms.
Invoked RoslynAnalysisRunner static constructor.
RoslynAnalysisRunner will not be running.
RoslynAnalysisRunner has terminated.
Mono: successfully reloaded assembly
- Completed reload, in  0.854 seconds
Platform modules already initialized, skipping
Refreshing native plugins compatible for Editor in 0.47 ms, found 1 plugins.
Preloading 0 native plugins for Editor in 0.00 ms.
Unloading 1847 Unused Serialized files (Serialized files now loaded: 0)
System memory in use before: 91.1 MB.
System memory in use after: 91.2 MB.

Unloading 7 unused Assets to reduce memory usage. Loaded Objects now: 2366.
Total: 1.811900 ms (FindLiveObjects: 0.188500 ms CreateObjectMapping: 0.071000 ms MarkObjects: 1.536600 ms  DeleteObjects: 0.014700 ms)

========================================================================
Received Import Request.
  Time since last request: 1444.528482 seconds.
  path: Assets/Scenes/MapScene_Test.unity
  artifactKey: Guid(5fdd71e176baebb45a8c92e0825f1c46) Importer(815301076,1909f56bfc062723c751e8b465ee728b)
Start importing Assets/Scenes/MapScene_Test.unity using Guid(5fdd71e176baebb45a8c92e0825f1c46) Importer(815301076,1909f56bfc062723c751e8b465ee728b)  -> (artifact id: '3311df702dbac1636271352f80242593') in 0.012589 seconds
  Import took 0.015514 seconds .

========================================================================
Received Import Request.
  Time since last request: 5.042660 seconds.
  path: Assets/Prefabs/Manager/PlayerManager.prefab
  artifactKey: Guid(04f45d05e8b54644cb8faca7d4e43d0e) Importer(815301076,1909f56bfc062723c751e8b465ee728b)
Start importing Assets/Prefabs/Manager/PlayerManager.prefab using Guid(04f45d05e8b54644cb8faca7d4e43d0e) Importer(815301076,1909f56bfc062723c751e8b465ee728b)  -> (artifact id: 'dc1be1cf266397c441ef4de2ad0ccc51') in 0.048283 seconds
  Import took 0.051295 seconds .

========================================================================
Received Import Request.
  Time since last request: 1.877741 seconds.
  path: Assets/Prefabs/Manager/SceneController.prefab
  artifactKey: Guid(e32b9b281ff6e334f944dd5dc75023c4) Importer(815301076,1909f56bfc062723c751e8b465ee728b)
Start importing Assets/Prefabs/Manager/SceneController.prefab using Guid(e32b9b281ff6e334f944dd5dc75023c4) Importer(815301076,1909f56bfc062723c751e8b465ee728b)  -> (artifact id: 'a1cb6963669d63c45f5d80afce8f8f05') in 0.005521 seconds
  Import took 0.008298 seconds .

========================================================================
Received Import Request.
  Time since last request: 0.030853 seconds.
  path: Assets/Prefabs/Manager/SceneController.prefab
  artifactKey: Guid(e32b9b281ff6e334f944dd5dc75023c4) Importer(815301076,1909f56bfc062723c751e8b465ee728b)
Start importing Assets/Prefabs/Manager/SceneController.prefab using Guid(e32b9b281ff6e334f944dd5dc75023c4) Importer(815301076,1909f56bfc062723c751e8b465ee728b)  -> (artifact id: 'a1cb6963669d63c45f5d80afce8f8f05') in 0.004577 seconds
  Import took 0.007574 seconds .

========================================================================
Received Prepare
Registering precompiled user dll's ...
Registered in 0.001099 seconds.
Begin MonoManager ReloadAssembly
Native extension for WindowsStandalone target not found
Refreshing native plugins compatible for Editor in 0.56 ms, found 1 plugins.
Preloading 0 native plugins for Editor in 0.00 ms.
Invoked RoslynAnalysisRunner static constructor.
RoslynAnalysisRunner will not be running.
RoslynAnalysisRunner has terminated.
Mono: successfully reloaded assembly
- Completed reload, in  0.870 seconds
Platform modules already initialized, skipping
Refreshing native plugins compatible for Editor in 0.47 ms, found 1 plugins.
Preloading 0 native plugins for Editor in 0.00 ms.
Unloading 1847 Unused Serialized files (Serialized files now loaded: 0)
System memory in use before: 91.3 MB.
System memory in use after: 91.4 MB.

Unloading 7 unused Assets to reduce memory usage. Loaded Objects now: 2369.
Total: 1.798000 ms (FindLiveObjects: 0.211400 ms CreateObjectMapping: 0.091400 ms MarkObjects: 1.477800 ms  DeleteObjects: 0.015900 ms)

========================================================================
Received Prepare
Registering precompiled user dll's ...
Registered in 0.001158 seconds.
Begin MonoManager ReloadAssembly
Native extension for WindowsStandalone target not found
Refreshing native plugins compatible for Editor in 0.92 ms, found 1 plugins.
Preloading 0 native plugins for Editor in 0.00 ms.
Invoked RoslynAnalysisRunner static constructor.
RoslynAnalysisRunner will not be running.
RoslynAnalysisRunner has terminated.
Mono: successfully reloaded assembly
- Completed reload, in  1.017 seconds
Platform modules already initialized, skipping
Refreshing native plugins compatible for Editor in 0.47 ms, found 1 plugins.
Preloading 0 native plugins for Editor in 0.00 ms.
Unloading 1847 Unused Serialized files (Serialized files now loaded: 0)
System memory in use before: 90.6 MB.
System memory in use after: 90.7 MB.

Unloading 7 unused Assets to reduce memory usage. Loaded Objects now: 2372.
Total: 1.806000 ms (FindLiveObjects: 0.205400 ms CreateObjectMapping: 0.080500 ms MarkObjects: 1.505300 ms  DeleteObjects: 0.013900 ms)

========================================================================
Received Import Request.
  Time since last request: 276.409696 seconds.
  path: Assets/Prefabs/Manager/UIManager.prefab
  artifactKey: Guid(eea821be840a00f4188b73309bbf61fe) Importer(815301076,1909f56bfc062723c751e8b465ee728b)
Start importing Assets/Prefabs/Manager/UIManager.prefab using Guid(eea821be840a00f4188b73309bbf61fe) Importer(815301076,1909f56bfc062723c751e8b465ee728b)  -> (artifact id: '010f1c790cfde69b79679e57e99654da') in 0.082118 seconds
  Import took 0.097872 seconds .

========================================================================
Received Import Request.
  Time since last request: 90.248374 seconds.
  path: Assets/Scenes/MapScene_Test.unity
  artifactKey: Guid(5fdd71e176baebb45a8c92e0825f1c46) Importer(815301076,1909f56bfc062723c751e8b465ee728b)
Start importing Assets/Scenes/MapScene_Test.unity using Guid(5fdd71e176baebb45a8c92e0825f1c46) Importer(815301076,1909f56bfc062723c751e8b465ee728b)  -> (artifact id: '1837be0f9c888a07129ce4fc00055da4') in 0.003950 seconds
  Import took 0.007106 seconds .

========================================================================
Received Prepare
Registering precompiled user dll's ...
Registered in 0.001193 seconds.
Begin MonoManager ReloadAssembly
Native extension for WindowsStandalone target not found
Refreshing native plugins compatible for Editor in 0.47 ms, found 1 plugins.
Preloading 0 native plugins for Editor in 0.00 ms.
Invoked RoslynAnalysisRunner static constructor.
RoslynAnalysisRunner will not be running.
RoslynAnalysisRunner has terminated.
Mono: successfully reloaded assembly
- Completed reload, in  0.836 seconds
Platform modules already initialized, skipping
Refreshing native plugins compatible for Editor in 0.46 ms, found 1 plugins.
Preloading 0 native plugins for Editor in 0.00 ms.
Unloading 1847 Unused Serialized files (Serialized files now loaded: 0)
System memory in use before: 90.9 MB.
System memory in use after: 91.0 MB.

Unloading 8 unused Assets to reduce memory usage. Loaded Objects now: 2377.
Total: 1.903600 ms (FindLiveObjects: 0.239200 ms CreateObjectMapping: 0.098200 ms MarkObjects: 1.544400 ms  DeleteObjects: 0.020800 ms)

========================================================================
Received Import Request.
  Time since last request: 33.968938 seconds.
  path: Assets/Prefabs/Manager/StageManager.prefab
  artifactKey: Guid(69c886b1d810f064abe1bb46a0855d97) Importer(815301076,1909f56bfc062723c751e8b465ee728b)
Start importing Assets/Prefabs/Manager/StageManager.prefab using Guid(69c886b1d810f064abe1bb46a0855d97) Importer(815301076,1909f56bfc062723c751e8b465ee728b)  -> (artifact id: 'bf1b5e0e3fff45ea0d3d2987ee492c37') in 0.040386 seconds
  Import took 0.043654 seconds .

========================================================================
Received Import Request.
  Time since last request: 0.001245 seconds.
  path: Assets/Prefabs/Manager/StageManager.prefab
  artifactKey: Guid(69c886b1d810f064abe1bb46a0855d97) Importer(815301076,1909f56bfc062723c751e8b465ee728b)
Start importing Assets/Prefabs/Manager/StageManager.prefab using Guid(69c886b1d810f064abe1bb46a0855d97) Importer(815301076,1909f56bfc062723c751e8b465ee728b)  -> (artifact id: 'bf1b5e0e3fff45ea0d3d2987ee492c37') in 0.005578 seconds
  Import took 0.009033 seconds .

========================================================================
Received Import Request.
  Time since last request: 1.776325 seconds.
  path: Assets/Prefabs/Manager/MapUIManager.prefab
  artifactKey: Guid(ef7006afa0fb0424287680efcb639853) Importer(815301076,1909f56bfc062723c751e8b465ee728b)
Start importing Assets/Prefabs/Manager/MapUIManager.prefab using Guid(ef7006afa0fb0424287680efcb639853) Importer(815301076,1909f56bfc062723c751e8b465ee728b)  -> (artifact id: '91d501d6ea5bbdeca14fde7793c6bfe1') in 0.004673 seconds
  Import took 0.007448 seconds .

========================================================================
Received Import Request.
  Time since last request: 0.006178 seconds.
  path: Assets/Prefabs/Manager/MapUIManager.prefab
  artifactKey: Guid(ef7006afa0fb0424287680efcb639853) Importer(815301076,1909f56bfc062723c751e8b465ee728b)
Start importing Assets/Prefabs/Manager/MapUIManager.prefab using Guid(ef7006afa0fb0424287680efcb639853) Importer(815301076,1909f56bfc062723c751e8b465ee728b)  -> (artifact id: '91d501d6ea5bbdeca14fde7793c6bfe1') in 0.004773 seconds
  Import took 0.008093 seconds .

========================================================================
Received Prepare
Registering precompiled user dll's ...
Registered in 0.001169 seconds.
Begin MonoManager ReloadAssembly
Native extension for WindowsStandalone target not found
Refreshing native plugins compatible for Editor in 0.46 ms, found 1 plugins.
Preloading 0 native plugins for Editor in 0.00 ms.
Invoked RoslynAnalysisRunner static constructor.
RoslynAnalysisRunner will not be running.
RoslynAnalysisRunner has terminated.
Mono: successfully reloaded assembly
- Completed reload, in  0.876 seconds
Platform modules already initialized, skipping
Refreshing native plugins compatible for Editor in 0.60 ms, found 1 plugins.
Preloading 0 native plugins for Editor in 0.00 ms.
Unloading 1847 Unused Serialized files (Serialized files now loaded: 0)
System memory in use before: 91.2 MB.
System memory in use after: 91.3 MB.

Unloading 7 unused Assets to reduce memory usage. Loaded Objects now: 2380.
Total: 2.311200 ms (FindLiveObjects: 0.187200 ms CreateObjectMapping: 0.106600 ms MarkObjects: 1.994400 ms  DeleteObjects: 0.021900 ms)

========================================================================
Received Prepare
Registering precompiled user dll's ...
Registered in 0.001278 seconds.
Begin MonoManager ReloadAssembly
Native extension for WindowsStandalone target not found
Refreshing native plugins compatible for Editor in 0.66 ms, found 1 plugins.
Preloading 0 native plugins for Editor in 0.00 ms.
Invoked RoslynAnalysisRunner static constructor.
RoslynAnalysisRunner will not be running.
RoslynAnalysisRunner has terminated.
Mono: successfully reloaded assembly
- Completed reload, in  0.905 seconds
Platform modules already initialized, skipping
Refreshing native plugins compatible for Editor in 0.47 ms, found 1 plugins.
Preloading 0 native plugins for Editor in 0.00 ms.
Unloading 1847 Unused Serialized files (Serialized files now loaded: 0)
System memory in use before: 91.4 MB.
System memory in use after: 91.5 MB.

Unloading 7 unused Assets to reduce memory usage. Loaded Objects now: 2383.
Total: 2.013500 ms (FindLiveObjects: 0.265600 ms CreateObjectMapping: 0.141300 ms MarkObjects: 1.587800 ms  DeleteObjects: 0.016700 ms)

========================================================================
Received Import Request.
  Time since last request: 193.759628 seconds.
  path: Assets/Scripts/Stage/Stage.cs
  artifactKey: Guid(5a21afbce79a9b44996345ec0d09ecee) Importer(815301076,1909f56bfc062723c751e8b465ee728b)
Start importing Assets/Scripts/Stage/Stage.cs using Guid(5a21afbce79a9b44996345ec0d09ecee) Importer(815301076,1909f56bfc062723c751e8b465ee728b)  -> (artifact id: 'cb8ef9e42c886e9d66148a0813ed3c45') in 0.005196 seconds
  Import took 0.008087 seconds .

========================================================================
Received Import Request.
  Time since last request: 17.730360 seconds.
  path: Assets/Scripts/Buff
  artifactKey: Guid(96afcc6fd140ff24eb88240afaacc477) Importer(815301076,1909f56bfc062723c751e8b465ee728b)
Start importing Assets/Scripts/Buff using Guid(96afcc6fd140ff24eb88240afaacc477) Importer(815301076,1909f56bfc062723c751e8b465ee728b)  -> (artifact id: 'b9c435c37ac44d4eed26d6e7d8be602f') in 0.022521 seconds
  Import took 0.025192 seconds .

========================================================================
Received Import Request.
  Time since last request: 1.067021 seconds.
  path: Assets/Scripts/Buff/Buff.cs
  artifactKey: Guid(591ed211dd77354468de3e323046789e) Importer(815301076,1909f56bfc062723c751e8b465ee728b)
Start importing Assets/Scripts/Buff/Buff.cs using Guid(591ed211dd77354468de3e323046789e) Importer(815301076,1909f56bfc062723c751e8b465ee728b)  -> (artifact id: 'fa24577e84012d2ef4b52a153fd3b8f2') in 0.003458 seconds
  Import took 0.006876 seconds .

========================================================================
Received Import Request.
  Time since last request: 0.000927 seconds.
  path: Assets/Scripts/Buff/Buff.cs
  artifactKey: Guid(591ed211dd77354468de3e323046789e) Importer(815301076,1909f56bfc062723c751e8b465ee728b)
Start importing Assets/Scripts/Buff/Buff.cs using Guid(591ed211dd77354468de3e323046789e) Importer(815301076,1909f56bfc062723c751e8b465ee728b)  -> (artifact id: 'fa24577e84012d2ef4b52a153fd3b8f2') in 0.003559 seconds
  Import took 0.006671 seconds .

AssetImportWorkerClient::OnTransportError - code=2 error=End of file
