Using pre-set license
Built from '2020.2/china_unity/release' branch; Version is '2020.2.2f1c1 (e7e650540bb3) revision 15197776'; Using compiler version '192528614'; Build Type 'Release'
OS: 'Windows 10 Home China; OS build 19042.928; Version 2009; 64bit' Language: 'zh' Physical Memory: 16325 MB
BatchMode: 1, IsHumanControllingUs: 0, StartBugReporterOnCrash: 0, Is64bit: 1, IsPro: 0

 COMMAND LINE ARGUMENTS:
E:\Astudyfile\UnityEditor\2020.2.2f1c1\Editor\Unity.exe
-adb2
-batchMode
-noUpm
-name
AssetImportWorker1
-projectPath
E:/Astudyfile/AHomeWork/Unity/TetrisDBG
-logFile
Logs/AssetImportWorker1.log
-srvPort
51560
Successfully changed project path to: E:/Astudyfile/AHomeWork/Unity/TetrisDBG
E:/Astudyfile/AHomeWork/Unity/TetrisDBG
Using Asset Import Pipeline V2.
Refreshing native plugins compatible for Editor in 50.68 ms, found 1 plugins.
Preloading 0 native plugins for Editor in 0.00 ms.
Initialize engine version: 2020.2.2f1c1 (e7e650540bb3)
[Subsystems] Discovering subsystems at path E:/Astudyfile/UnityEditor/2020.2.2f1c1/Editor/Data/Resources/UnitySubsystems
[Subsystems] Discovering subsystems at path E:/Astudyfile/AHomeWork/Unity/TetrisDBG/Assets
GfxDevice: creating device client; threaded=0
Direct3D:
    Version:  Direct3D 11.0 [level 11.1]
    Renderer: NVIDIA GeForce GTX 1070 (ID=0x1ba1)
    Vendor:   
    VRAM:     8082 MB
    Driver:   27.21.14.5774
Initialize mono
Mono path[0] = 'E:/Astudyfile/UnityEditor/2020.2.2f1c1/Editor/Data/Managed'
Mono path[1] = 'E:/Astudyfile/UnityEditor/2020.2.2f1c1/Editor/Data/MonoBleedingEdge/lib/mono/unityjit'
Mono config path = 'E:/Astudyfile/UnityEditor/2020.2.2f1c1/Editor/Data/MonoBleedingEdge/etc'
Using monoOptions --debugger-agent=transport=dt_socket,embedding=1,server=y,suspend=n,address=127.0.0.1:56128
Begin MonoManager ReloadAssembly
Registering precompiled unity dll's ...
Register platform support module: E:/Astudyfile/UnityEditor/2020.2.2f1c1/Editor/Data/PlaybackEngines/WindowsStandaloneSupport/UnityEditor.WindowsStandalone.Extensions.dll
Registered in 0.001264 seconds.
Native extension for WindowsStandalone target not found
Refreshing native plugins compatible for Editor in 45.44 ms, found 1 plugins.
Preloading 0 native plugins for Editor in 0.00 ms.
Invoked RoslynAnalysisRunner static constructor.
RoslynAnalysisRunner will not be running.
RoslynAnalysisRunner has terminated.
Mono: successfully reloaded assembly
- Completed reload, in  2.100 seconds
Platform modules already initialized, skipping
Registering precompiled user dll's ...
Registered in 0.001046 seconds.
Begin MonoManager ReloadAssembly
Native extension for WindowsStandalone target not found
Refreshing native plugins compatible for Editor in 53.14 ms, found 1 plugins.
Preloading 0 native plugins for Editor in 0.00 ms.
Invoked RoslynAnalysisRunner static constructor.
RoslynAnalysisRunner will not be running.
RoslynAnalysisRunner has terminated.
Mono: successfully reloaded assembly
- Completed reload, in  2.478 seconds
Platform modules already initialized, skipping
========================================================================
Worker process is ready to serve import requests
Launched and connected shader compiler UnityShaderCompiler.exe after 0.46 seconds
Refreshing native plugins compatible for Editor in 0.47 ms, found 1 plugins.
Preloading 0 native plugins for Editor in 0.00 ms.
Unloading 1888 Unused Serialized files (Serialized files now loaded: 0)
System memory in use before: 91.4 MB.
System memory in use after: 91.4 MB.

Unloading 19 unused Assets to reduce memory usage. Loaded Objects now: 2336.
Total: 2.002800 ms (FindLiveObjects: 0.172600 ms CreateObjectMapping: 0.072600 ms MarkObjects: 1.685600 ms  DeleteObjects: 0.070900 ms)

========================================================================
Received Import Request.
  path: Assets/Scenes/PrefabFactory.unity
  artifactKey: Guid(0dc2178490ef39a44a2e311d989f3edc) Importer(815301076,1909f56bfc062723c751e8b465ee728b)
Start importing Assets/Scenes/PrefabFactory.unity using Guid(0dc2178490ef39a44a2e311d989f3edc) Importer(815301076,1909f56bfc062723c751e8b465ee728b)  -> (artifact id: '9e53c9198f07d3c24da9a4720a91c6bb') in 0.023043 seconds
  Import took 0.131819 seconds .

========================================================================
Received Import Request.
  Time since last request: 180.128557 seconds.
  path: Assets/UltimateCleanGUIPack/Common/Sprites/Icons Colored/Magic/Monster.png
  artifactKey: Guid(4fcc55899ac954656abaaf8a4d762de7) Importer(815301076,1909f56bfc062723c751e8b465ee728b)
Start importing Assets/UltimateCleanGUIPack/Common/Sprites/Icons Colored/Magic/Monster.png using Guid(4fcc55899ac954656abaaf8a4d762de7) Importer(815301076,1909f56bfc062723c751e8b465ee728b)  -> (artifact id: 'ded4d5d8b63fc0f10baa2d7bc7de4905') in 0.136598 seconds
  Import took 0.183342 seconds .

========================================================================
Received Import Request.
  Time since last request: 80.346258 seconds.
  path: Assets/Scripts/Cubes/C_TroubleMaker.cs
  artifactKey: Guid(5856e55baf25c0849bc17311fd154add) Importer(815301076,1909f56bfc062723c751e8b465ee728b)
Start importing Assets/Scripts/Cubes/C_TroubleMaker.cs using Guid(5856e55baf25c0849bc17311fd154add) Importer(815301076,1909f56bfc062723c751e8b465ee728b)  -> (artifact id: '40bb21043b0ec450bb96f94aa1c978ab') in 0.027553 seconds
  Import took 0.080635 seconds .

========================================================================
Received Prepare
Registering precompiled user dll's ...
Registered in 0.001160 seconds.
Begin MonoManager ReloadAssembly
Native extension for WindowsStandalone target not found
Refreshing native plugins compatible for Editor in 0.48 ms, found 1 plugins.
Preloading 0 native plugins for Editor in 0.00 ms.
Invoked RoslynAnalysisRunner static constructor.
RoslynAnalysisRunner will not be running.
RoslynAnalysisRunner has terminated.
Mono: successfully reloaded assembly
- Completed reload, in  0.955 seconds
Platform modules already initialized, skipping
Refreshing native plugins compatible for Editor in 0.48 ms, found 1 plugins.
Preloading 0 native plugins for Editor in 0.00 ms.
Unloading 1863 Unused Serialized files (Serialized files now loaded: 0)
System memory in use before: 93.0 MB.
System memory in use after: 93.1 MB.

Unloading 7 unused Assets to reduce memory usage. Loaded Objects now: 2346.
Total: 1.667400 ms (FindLiveObjects: 0.168500 ms CreateObjectMapping: 0.067300 ms MarkObjects: 1.417000 ms  DeleteObjects: 0.013500 ms)

========================================================================
Received Prepare
Registering precompiled user dll's ...
Registered in 0.001236 seconds.
Begin MonoManager ReloadAssembly
Native extension for WindowsStandalone target not found
Refreshing native plugins compatible for Editor in 0.47 ms, found 1 plugins.
Preloading 0 native plugins for Editor in 0.00 ms.
Invoked RoslynAnalysisRunner static constructor.
RoslynAnalysisRunner will not be running.
RoslynAnalysisRunner has terminated.
Mono: successfully reloaded assembly
- Completed reload, in  0.877 seconds
Platform modules already initialized, skipping
Refreshing native plugins compatible for Editor in 0.48 ms, found 1 plugins.
Preloading 0 native plugins for Editor in 0.00 ms.
Unloading 1863 Unused Serialized files (Serialized files now loaded: 0)
System memory in use before: 93.3 MB.
System memory in use after: 93.4 MB.

Unloading 7 unused Assets to reduce memory usage. Loaded Objects now: 2349.
Total: 1.873600 ms (FindLiveObjects: 0.195200 ms CreateObjectMapping: 0.081800 ms MarkObjects: 1.578700 ms  DeleteObjects: 0.016200 ms)

========================================================================
Received Prepare
Registering precompiled user dll's ...
Registered in 0.001176 seconds.
Begin MonoManager ReloadAssembly
Native extension for WindowsStandalone target not found
Refreshing native plugins compatible for Editor in 0.48 ms, found 1 plugins.
Preloading 0 native plugins for Editor in 0.00 ms.
Invoked RoslynAnalysisRunner static constructor.
RoslynAnalysisRunner will not be running.
RoslynAnalysisRunner has terminated.
Mono: successfully reloaded assembly
- Completed reload, in  0.866 seconds
Platform modules already initialized, skipping
Refreshing native plugins compatible for Editor in 0.55 ms, found 1 plugins.
Preloading 0 native plugins for Editor in 0.00 ms.
Unloading 1863 Unused Serialized files (Serialized files now loaded: 0)
System memory in use before: 93.6 MB.
System memory in use after: 93.7 MB.

Unloading 7 unused Assets to reduce memory usage. Loaded Objects now: 2352.
Total: 1.891100 ms (FindLiveObjects: 0.188400 ms CreateObjectMapping: 0.075200 ms MarkObjects: 1.611300 ms  DeleteObjects: 0.014600 ms)

========================================================================
Received Import Request.
  Time since last request: 791.037990 seconds.
  path: Assets/Scripts/Cubes/Tools
  artifactKey: Guid(212a2c18872d87248b1a2031f6d34577) Importer(815301076,1909f56bfc062723c751e8b465ee728b)
Start importing Assets/Scripts/Cubes/Tools using Guid(212a2c18872d87248b1a2031f6d34577) Importer(815301076,1909f56bfc062723c751e8b465ee728b)  -> (artifact id: 'cb9c93f0e2359492cc931c72df37ba8a') in 0.005693 seconds
  Import took 0.062741 seconds .

========================================================================
Received Import Request.
  Time since last request: 11.682783 seconds.
  path: Assets/Scripts/Cubes/Tools/ILineClearObserver.cs
  artifactKey: Guid(48d6f10e0da69644bb2ad5e3461b1803) Importer(815301076,1909f56bfc062723c751e8b465ee728b)
Start importing Assets/Scripts/Cubes/Tools/ILineClearObserver.cs using Guid(48d6f10e0da69644bb2ad5e3461b1803) Importer(815301076,1909f56bfc062723c751e8b465ee728b)  -> (artifact id: 'fa980e01024de2489716b5082de2b280') in 0.005034 seconds
  Import took 0.077869 seconds .

========================================================================
Received Prepare
Registering precompiled user dll's ...
Registered in 0.001288 seconds.
Begin MonoManager ReloadAssembly
Native extension for WindowsStandalone target not found
Refreshing native plugins compatible for Editor in 0.47 ms, found 1 plugins.
Preloading 0 native plugins for Editor in 0.00 ms.
Invoked RoslynAnalysisRunner static constructor.
RoslynAnalysisRunner will not be running.
RoslynAnalysisRunner has terminated.
Mono: successfully reloaded assembly
- Completed reload, in  1.175 seconds
Platform modules already initialized, skipping
Refreshing native plugins compatible for Editor in 0.51 ms, found 1 plugins.
Preloading 0 native plugins for Editor in 0.00 ms.
Unloading 1864 Unused Serialized files (Serialized files now loaded: 0)
System memory in use before: 93.6 MB.
System memory in use after: 93.8 MB.

Unloading 7 unused Assets to reduce memory usage. Loaded Objects now: 2356.
Total: 1.724000 ms (FindLiveObjects: 0.174800 ms CreateObjectMapping: 0.063100 ms MarkObjects: 1.469900 ms  DeleteObjects: 0.014700 ms)

========================================================================
Received Prepare
Registering precompiled user dll's ...
Registered in 0.001221 seconds.
Begin MonoManager ReloadAssembly
Native extension for WindowsStandalone target not found
Refreshing native plugins compatible for Editor in 0.52 ms, found 1 plugins.
Preloading 0 native plugins for Editor in 0.00 ms.
Invoked RoslynAnalysisRunner static constructor.
RoslynAnalysisRunner will not be running.
RoslynAnalysisRunner has terminated.
Mono: successfully reloaded assembly
- Completed reload, in  0.861 seconds
Platform modules already initialized, skipping
Refreshing native plugins compatible for Editor in 0.50 ms, found 1 plugins.
Preloading 0 native plugins for Editor in 0.00 ms.
Unloading 1864 Unused Serialized files (Serialized files now loaded: 0)
System memory in use before: 94.1 MB.
System memory in use after: 94.2 MB.

Unloading 7 unused Assets to reduce memory usage. Loaded Objects now: 2359.
Total: 1.895100 ms (FindLiveObjects: 0.176100 ms CreateObjectMapping: 0.065900 ms MarkObjects: 1.637400 ms  DeleteObjects: 0.014400 ms)

========================================================================
Received Import Request.
  Time since last request: 534.191629 seconds.
  path: Assets/Scripts/Cubes/Tools/ILineClearObserver.cs
  artifactKey: Guid(48d6f10e0da69644bb2ad5e3461b1803) Importer(815301076,1909f56bfc062723c751e8b465ee728b)
Start importing Assets/Scripts/Cubes/Tools/ILineClearObserver.cs using Guid(48d6f10e0da69644bb2ad5e3461b1803) Importer(815301076,1909f56bfc062723c751e8b465ee728b)  -> (artifact id: 'aa9e05bca261ba71ce3516d108917f24') in 0.005443 seconds
  Import took 0.033973 seconds .

========================================================================
Received Import Request.
  Time since last request: 3.070595 seconds.
  path: Assets/Scripts/Cubes/C_TroubleMaker.cs
  artifactKey: Guid(5856e55baf25c0849bc17311fd154add) Importer(815301076,1909f56bfc062723c751e8b465ee728b)
Start importing Assets/Scripts/Cubes/C_TroubleMaker.cs using Guid(5856e55baf25c0849bc17311fd154add) Importer(815301076,1909f56bfc062723c751e8b465ee728b)  -> (artifact id: '3ab9c542148df9a1706fad4d0453986e') in 0.004025 seconds
  Import took 0.029019 seconds .

========================================================================
Received Import Request.
  Time since last request: 13.863002 seconds.
  path: Assets/Game Data/Cube Data/C_AttackChip Data.asset
  artifactKey: Guid(41f76a440d57ae54aa6d1fb75df81b0f) Importer(815301076,1909f56bfc062723c751e8b465ee728b)
Start importing Assets/Game Data/Cube Data/C_AttackChip Data.asset using Guid(41f76a440d57ae54aa6d1fb75df81b0f) Importer(815301076,1909f56bfc062723c751e8b465ee728b)  -> (artifact id: '1d49953380505dd259661b032413fd5a') in 0.019193 seconds
  Import took 0.062774 seconds .

========================================================================
Received Import Request.
  Time since last request: 11.072318 seconds.
  path: Assets/Game Data/Cube Data/C_TroubleMaker Data.asset
  artifactKey: Guid(9ebeb9e520495b54592a8d510ec9ffb7) Importer(815301076,1909f56bfc062723c751e8b465ee728b)
Start importing Assets/Game Data/Cube Data/C_TroubleMaker Data.asset using Guid(9ebeb9e520495b54592a8d510ec9ffb7) Importer(815301076,1909f56bfc062723c751e8b465ee728b)  -> (artifact id: 'ff36d1891d0133587e058bf7da554052') in 0.005499 seconds
  Import took 0.062662 seconds .

========================================================================
Received Import Request.
  Time since last request: 129.228291 seconds.
  path: Assets/Game Data/Cube Data/C_TroubleMaker Data.asset
  artifactKey: Guid(9ebeb9e520495b54592a8d510ec9ffb7) Importer(815301076,1909f56bfc062723c751e8b465ee728b)
Start importing Assets/Game Data/Cube Data/C_TroubleMaker Data.asset using Guid(9ebeb9e520495b54592a8d510ec9ffb7) Importer(815301076,1909f56bfc062723c751e8b465ee728b)  -> (artifact id: '42ff54a0d661c6db433924a6d69ceef1') in 0.004743 seconds
  Import took 0.027313 seconds .

========================================================================
Received Import Request.
  Time since last request: 204.800816 seconds.
  path: Assets/Prefabs/Cube/Cube_TroubleMaker.prefab
  artifactKey: Guid(7b4fe57ba17181e43a99d22d19ba8a47) Importer(815301076,1909f56bfc062723c751e8b465ee728b)
Start importing Assets/Prefabs/Cube/Cube_TroubleMaker.prefab using Guid(7b4fe57ba17181e43a99d22d19ba8a47) Importer(815301076,1909f56bfc062723c751e8b465ee728b)  -> (artifact id: '841533e16705dcaf83ee67fc5a1a886f') in 0.071477 seconds
  Import took 0.094875 seconds .

========================================================================
Received Import Request.
  Time since last request: 0.003846 seconds.
  path: Assets/Prefabs/Cube/Cube_TroubleMaker.prefab
  artifactKey: Guid(7b4fe57ba17181e43a99d22d19ba8a47) Importer(815301076,1909f56bfc062723c751e8b465ee728b)
Start importing Assets/Prefabs/Cube/Cube_TroubleMaker.prefab using Guid(7b4fe57ba17181e43a99d22d19ba8a47) Importer(815301076,1909f56bfc062723c751e8b465ee728b)  -> (artifact id: '841533e16705dcaf83ee67fc5a1a886f') in 0.011665 seconds
  Import took 0.015050 seconds .

========================================================================
Received Prepare
Registering precompiled user dll's ...
Registered in 0.001231 seconds.
Begin MonoManager ReloadAssembly
Native extension for WindowsStandalone target not found
Refreshing native plugins compatible for Editor in 0.62 ms, found 1 plugins.
Preloading 0 native plugins for Editor in 0.00 ms.
Invoked RoslynAnalysisRunner static constructor.
RoslynAnalysisRunner will not be running.
RoslynAnalysisRunner has terminated.
Mono: successfully reloaded assembly
- Completed reload, in  0.899 seconds
Platform modules already initialized, skipping
Refreshing native plugins compatible for Editor in 0.48 ms, found 1 plugins.
Preloading 0 native plugins for Editor in 0.00 ms.
Unloading 1864 Unused Serialized files (Serialized files now loaded: 0)
System memory in use before: 94.4 MB.
System memory in use after: 94.5 MB.

Unloading 7 unused Assets to reduce memory usage. Loaded Objects now: 2366.
Total: 1.877900 ms (FindLiveObjects: 0.191100 ms CreateObjectMapping: 0.076200 ms MarkObjects: 1.592900 ms  DeleteObjects: 0.015900 ms)

========================================================================
Received Import Request.
  Time since last request: 62.698505 seconds.
  path: Assets/Prefabs/Cube/Cube_TroubleMaker.prefab
  artifactKey: Guid(7b4fe57ba17181e43a99d22d19ba8a47) Importer(815301076,1909f56bfc062723c751e8b465ee728b)
Start importing Assets/Prefabs/Cube/Cube_TroubleMaker.prefab using Guid(7b4fe57ba17181e43a99d22d19ba8a47) Importer(815301076,1909f56bfc062723c751e8b465ee728b)  -> (artifact id: '637a5d629592aa07253e319c865f0a01') in 0.069520 seconds
  Import took 0.091332 seconds .

========================================================================
Received Prepare
Registering precompiled user dll's ...
Registered in 0.001136 seconds.
Begin MonoManager ReloadAssembly
Native extension for WindowsStandalone target not found
Refreshing native plugins compatible for Editor in 0.48 ms, found 1 plugins.
Preloading 0 native plugins for Editor in 0.00 ms.
Invoked RoslynAnalysisRunner static constructor.
RoslynAnalysisRunner will not be running.
RoslynAnalysisRunner has terminated.
Mono: successfully reloaded assembly
- Completed reload, in  0.835 seconds
Platform modules already initialized, skipping
Refreshing native plugins compatible for Editor in 0.47 ms, found 1 plugins.
Preloading 0 native plugins for Editor in 0.00 ms.
Unloading 1864 Unused Serialized files (Serialized files now loaded: 0)
System memory in use before: 94.6 MB.
System memory in use after: 94.8 MB.

Unloading 7 unused Assets to reduce memory usage. Loaded Objects now: 2370.
Total: 1.977700 ms (FindLiveObjects: 0.262600 ms CreateObjectMapping: 0.104500 ms MarkObjects: 1.592200 ms  DeleteObjects: 0.016400 ms)

========================================================================
Received Prepare
Registering precompiled user dll's ...
Registered in 0.001232 seconds.
Begin MonoManager ReloadAssembly
Native extension for WindowsStandalone target not found
Refreshing native plugins compatible for Editor in 0.51 ms, found 1 plugins.
Preloading 0 native plugins for Editor in 0.00 ms.
Invoked RoslynAnalysisRunner static constructor.
RoslynAnalysisRunner will not be running.
RoslynAnalysisRunner has terminated.
Mono: successfully reloaded assembly
- Completed reload, in  0.907 seconds
Platform modules already initialized, skipping
Refreshing native plugins compatible for Editor in 0.50 ms, found 1 plugins.
Preloading 0 native plugins for Editor in 0.00 ms.
Unloading 1864 Unused Serialized files (Serialized files now loaded: 0)
System memory in use before: 94.7 MB.
System memory in use after: 94.8 MB.

Unloading 7 unused Assets to reduce memory usage. Loaded Objects now: 2373.
Total: 2.018300 ms (FindLiveObjects: 0.205500 ms CreateObjectMapping: 0.082900 ms MarkObjects: 1.711000 ms  DeleteObjects: 0.017300 ms)

========================================================================
Received Import Request.
  Time since last request: 1527.155014 seconds.
  path: Assets/Scripts/Action/A_TroubleMakerKing.cs
  artifactKey: Guid(2175854086462d447b14effcee4358ad) Importer(815301076,1909f56bfc062723c751e8b465ee728b)
Start importing Assets/Scripts/Action/A_TroubleMakerKing.cs using Guid(2175854086462d447b14effcee4358ad) Importer(815301076,1909f56bfc062723c751e8b465ee728b)  -> (artifact id: '3810bb1b6e22c1b5cd931b98b6db8c38') in 0.007106 seconds
  Import took 0.052756 seconds .

========================================================================
Received Prepare
Registering precompiled user dll's ...
Registered in 0.001384 seconds.
Begin MonoManager ReloadAssembly
Native extension for WindowsStandalone target not found
Refreshing native plugins compatible for Editor in 0.47 ms, found 1 plugins.
Preloading 0 native plugins for Editor in 0.00 ms.
Invoked RoslynAnalysisRunner static constructor.
RoslynAnalysisRunner will not be running.
RoslynAnalysisRunner has terminated.
Mono: successfully reloaded assembly
- Completed reload, in  0.875 seconds
Platform modules already initialized, skipping
Refreshing native plugins compatible for Editor in 0.50 ms, found 1 plugins.
Preloading 0 native plugins for Editor in 0.00 ms.
Unloading 1865 Unused Serialized files (Serialized files now loaded: 0)
System memory in use before: 94.2 MB.
System memory in use after: 94.3 MB.

Unloading 7 unused Assets to reduce memory usage. Loaded Objects now: 2377.
Total: 2.322000 ms (FindLiveObjects: 0.231700 ms CreateObjectMapping: 0.093000 ms MarkObjects: 1.977200 ms  DeleteObjects: 0.018400 ms)

========================================================================
Received Import Request.
  Time since last request: 1482.079181 seconds.
  path: Assets/Scripts/Action/A_TroubleMakerKing.cs
  artifactKey: Guid(2175854086462d447b14effcee4358ad) Importer(815301076,1909f56bfc062723c751e8b465ee728b)
Start importing Assets/Scripts/Action/A_TroubleMakerKing.cs using Guid(2175854086462d447b14effcee4358ad) Importer(815301076,1909f56bfc062723c751e8b465ee728b)  -> (artifact id: '342ac3578e73acd1ab142a012b426bb9') in 0.006111 seconds
  Import took 0.032518 seconds .

========================================================================
Received Prepare
Registering precompiled user dll's ...
Registered in 0.001346 seconds.
Begin MonoManager ReloadAssembly
Native extension for WindowsStandalone target not found
Refreshing native plugins compatible for Editor in 0.55 ms, found 1 plugins.
Preloading 0 native plugins for Editor in 0.00 ms.
Invoked RoslynAnalysisRunner static constructor.
RoslynAnalysisRunner will not be running.
RoslynAnalysisRunner has terminated.
Mono: successfully reloaded assembly
- Completed reload, in  0.915 seconds
Platform modules already initialized, skipping
Refreshing native plugins compatible for Editor in 0.49 ms, found 1 plugins.
Preloading 0 native plugins for Editor in 0.00 ms.
Unloading 1865 Unused Serialized files (Serialized files now loaded: 0)
System memory in use before: 94.4 MB.
System memory in use after: 94.5 MB.

Unloading 7 unused Assets to reduce memory usage. Loaded Objects now: 2380.
Total: 2.611400 ms (FindLiveObjects: 0.212400 ms CreateObjectMapping: 0.085200 ms MarkObjects: 2.290800 ms  DeleteObjects: 0.021000 ms)

========================================================================
Received Import Request.
  Time since last request: 126.864216 seconds.
  path: Assets/Prefabs/Act/Act_TroubleMakerKing.prefab
  artifactKey: Guid(9ca250a84ce3e2d4390953b8c7f9dc96) Importer(815301076,1909f56bfc062723c751e8b465ee728b)
Start importing Assets/Prefabs/Act/Act_TroubleMakerKing.prefab using Guid(9ca250a84ce3e2d4390953b8c7f9dc96) Importer(815301076,1909f56bfc062723c751e8b465ee728b)  -> (artifact id: 'f41cc930789dfaebf49b132a393d39c9') in 0.036341 seconds
  Import took 0.053804 seconds .

========================================================================
Received Prepare
Registering precompiled user dll's ...
Registered in 0.001264 seconds.
Begin MonoManager ReloadAssembly
Native extension for WindowsStandalone target not found
Refreshing native plugins compatible for Editor in 0.48 ms, found 1 plugins.
Preloading 0 native plugins for Editor in 0.00 ms.
Invoked RoslynAnalysisRunner static constructor.
RoslynAnalysisRunner will not be running.
RoslynAnalysisRunner has terminated.
Mono: successfully reloaded assembly
- Completed reload, in  0.856 seconds
Platform modules already initialized, skipping
Refreshing native plugins compatible for Editor in 0.47 ms, found 1 plugins.
Preloading 0 native plugins for Editor in 0.00 ms.
Unloading 1865 Unused Serialized files (Serialized files now loaded: 0)
System memory in use before: 94.7 MB.
System memory in use after: 94.8 MB.

Unloading 8 unused Assets to reduce memory usage. Loaded Objects now: 2385.
Total: 2.192100 ms (FindLiveObjects: 0.276100 ms CreateObjectMapping: 0.127200 ms MarkObjects: 1.761000 ms  DeleteObjects: 0.026600 ms)

========================================================================
Received Import Request.
  Time since last request: 270.931135 seconds.
  path: Assets/Scripts/Enemy/Enemy_TroubleMakerKing.cs
  artifactKey: Guid(ecf34740ac2e1b34187c46d7d9774610) Importer(815301076,1909f56bfc062723c751e8b465ee728b)
Start importing Assets/Scripts/Enemy/Enemy_TroubleMakerKing.cs using Guid(ecf34740ac2e1b34187c46d7d9774610) Importer(815301076,1909f56bfc062723c751e8b465ee728b)  -> (artifact id: 'e465cbfa7aa7391d1079ed3ee4e533ec') in 0.006887 seconds
  Import took 0.048695 seconds .

========================================================================
Received Prepare
Registering precompiled user dll's ...
Registered in 0.001121 seconds.
Begin MonoManager ReloadAssembly
Native extension for WindowsStandalone target not found
Refreshing native plugins compatible for Editor in 0.50 ms, found 1 plugins.
Preloading 0 native plugins for Editor in 0.00 ms.
Invoked RoslynAnalysisRunner static constructor.
RoslynAnalysisRunner will not be running.
RoslynAnalysisRunner has terminated.
Mono: successfully reloaded assembly
- Completed reload, in  1.168 seconds
Platform modules already initialized, skipping
Refreshing native plugins compatible for Editor in 0.53 ms, found 1 plugins.
Preloading 0 native plugins for Editor in 0.00 ms.
Unloading 1866 Unused Serialized files (Serialized files now loaded: 0)
System memory in use before: 94.9 MB.
System memory in use after: 95.0 MB.

Unloading 7 unused Assets to reduce memory usage. Loaded Objects now: 2389.
Total: 2.178000 ms (FindLiveObjects: 0.205400 ms CreateObjectMapping: 0.078300 ms MarkObjects: 1.875100 ms  DeleteObjects: 0.017000 ms)

========================================================================
Received Import Request.
  Time since last request: 12.674370 seconds.
  path: Assets/Scripts/Enemy/Enemy_BomberAirShip.cs
  artifactKey: Guid(31c6ed5d969bbd54397c8337a091e275) Importer(815301076,1909f56bfc062723c751e8b465ee728b)
Start importing Assets/Scripts/Enemy/Enemy_BomberAirShip.cs using Guid(31c6ed5d969bbd54397c8337a091e275) Importer(815301076,1909f56bfc062723c751e8b465ee728b)  -> (artifact id: '2785d9d8d68548c2f0051ffcc5422e4d') in 0.221983 seconds
  Import took 0.242831 seconds .

========================================================================
Received Prepare
Registering precompiled user dll's ...
Registered in 0.001144 seconds.
Begin MonoManager ReloadAssembly
Native extension for WindowsStandalone target not found
Refreshing native plugins compatible for Editor in 0.48 ms, found 1 plugins.
Preloading 0 native plugins for Editor in 0.00 ms.
Invoked RoslynAnalysisRunner static constructor.
RoslynAnalysisRunner will not be running.
RoslynAnalysisRunner has terminated.
Mono: successfully reloaded assembly
- Completed reload, in  0.846 seconds
Platform modules already initialized, skipping
Refreshing native plugins compatible for Editor in 0.49 ms, found 1 plugins.
Preloading 0 native plugins for Editor in 0.00 ms.
Unloading 1866 Unused Serialized files (Serialized files now loaded: 0)
System memory in use before: 94.2 MB.
System memory in use after: 94.3 MB.

Unloading 7 unused Assets to reduce memory usage. Loaded Objects now: 2392.
Total: 1.958000 ms (FindLiveObjects: 0.278900 ms CreateObjectMapping: 0.079700 ms MarkObjects: 1.582000 ms  DeleteObjects: 0.016000 ms)

========================================================================
Received Import Request.
  Time since last request: 182.173168 seconds.
  path: Assets/Prefabs/Enemy/Enemy_Basic.prefab
  artifactKey: Guid(e066845a9525d2348982b9b807d11555) Importer(815301076,1909f56bfc062723c751e8b465ee728b)
Start importing Assets/Prefabs/Enemy/Enemy_Basic.prefab using Guid(e066845a9525d2348982b9b807d11555) Importer(815301076,1909f56bfc062723c751e8b465ee728b)  -> (artifact id: 'e1c24dcc40607bd9a4fb6c25957832dc') in 0.039591 seconds
  Import took 0.074181 seconds .

========================================================================
Received Import Request.
  Time since last request: 0.000271 seconds.
  path: Assets/Prefabs/Enemy/Enemy_BomberAirShip.prefab
  artifactKey: Guid(f9b20f6eb10172a4d9823aa0ca08e409) Importer(815301076,1909f56bfc062723c751e8b465ee728b)
Start importing Assets/Prefabs/Enemy/Enemy_BomberAirShip.prefab using Guid(f9b20f6eb10172a4d9823aa0ca08e409) Importer(815301076,1909f56bfc062723c751e8b465ee728b)  -> (artifact id: '5e3c14216370a5403e04c29e0c97f165') in 0.005805 seconds
  Import took 0.029679 seconds .

========================================================================
Received Import Request.
  Time since last request: 2.065150 seconds.
  path: Assets/Prefabs/Enemy/Enemy_TroubleMakerKing.prefab
  artifactKey: Guid(91d6d2031f2ea5c4a844251936277fce) Importer(815301076,1909f56bfc062723c751e8b465ee728b)
Start importing Assets/Prefabs/Enemy/Enemy_TroubleMakerKing.prefab using Guid(91d6d2031f2ea5c4a844251936277fce) Importer(815301076,1909f56bfc062723c751e8b465ee728b)  -> (artifact id: '9514d47bce748c2bf4cc9fd6676e0aa2') in 0.005060 seconds
  Import took 0.060501 seconds .

========================================================================
Received Import Request.
  Time since last request: 4.767894 seconds.
  path: Assets/Scenes/Scene1.unity
  artifactKey: Guid(d78f309f30afbeb4a965d2c582a80791) Importer(815301076,1909f56bfc062723c751e8b465ee728b)
Start importing Assets/Scenes/Scene1.unity using Guid(d78f309f30afbeb4a965d2c582a80791) Importer(815301076,1909f56bfc062723c751e8b465ee728b)  -> (artifact id: '97044a5de89c4504b3ec710e8870aadd') in 0.004773 seconds
  Import took 0.024379 seconds .

========================================================================
Received Prepare
Registering precompiled user dll's ...
Registered in 0.001236 seconds.
Begin MonoManager ReloadAssembly
Native extension for WindowsStandalone target not found
Refreshing native plugins compatible for Editor in 0.49 ms, found 1 plugins.
Preloading 0 native plugins for Editor in 0.00 ms.
Invoked RoslynAnalysisRunner static constructor.
RoslynAnalysisRunner will not be running.
RoslynAnalysisRunner has terminated.
Mono: successfully reloaded assembly
- Completed reload, in  0.835 seconds
Platform modules already initialized, skipping
Refreshing native plugins compatible for Editor in 0.48 ms, found 1 plugins.
Preloading 0 native plugins for Editor in 0.00 ms.
Unloading 1866 Unused Serialized files (Serialized files now loaded: 0)
System memory in use before: 94.7 MB.
System memory in use after: 94.8 MB.

Unloading 7 unused Assets to reduce memory usage. Loaded Objects now: 2395.
Total: 1.724100 ms (FindLiveObjects: 0.176200 ms CreateObjectMapping: 0.067000 ms MarkObjects: 1.466200 ms  DeleteObjects: 0.013400 ms)

========================================================================
Received Prepare
Registering precompiled user dll's ...
Registered in 0.001214 seconds.
Begin MonoManager ReloadAssembly
Native extension for WindowsStandalone target not found
Refreshing native plugins compatible for Editor in 0.50 ms, found 1 plugins.
Preloading 0 native plugins for Editor in 0.00 ms.
Invoked RoslynAnalysisRunner static constructor.
RoslynAnalysisRunner will not be running.
RoslynAnalysisRunner has terminated.
Mono: successfully reloaded assembly
- Completed reload, in  0.868 seconds
Platform modules already initialized, skipping
Refreshing native plugins compatible for Editor in 0.55 ms, found 1 plugins.
Preloading 0 native plugins for Editor in 0.00 ms.
Unloading 1866 Unused Serialized files (Serialized files now loaded: 0)
System memory in use before: 95.0 MB.
System memory in use after: 95.1 MB.

Unloading 7 unused Assets to reduce memory usage. Loaded Objects now: 2398.
Total: 2.056300 ms (FindLiveObjects: 0.216500 ms CreateObjectMapping: 0.098200 ms MarkObjects: 1.723000 ms  DeleteObjects: 0.016700 ms)

========================================================================
Received Prepare
Registering precompiled user dll's ...
Registered in 0.001202 seconds.
Begin MonoManager ReloadAssembly
Native extension for WindowsStandalone target not found
Refreshing native plugins compatible for Editor in 0.48 ms, found 1 plugins.
Preloading 0 native plugins for Editor in 0.00 ms.
Invoked RoslynAnalysisRunner static constructor.
RoslynAnalysisRunner will not be running.
RoslynAnalysisRunner has terminated.
Mono: successfully reloaded assembly
- Completed reload, in  0.851 seconds
Platform modules already initialized, skipping
Refreshing native plugins compatible for Editor in 0.48 ms, found 1 plugins.
Preloading 0 native plugins for Editor in 0.00 ms.
Unloading 1866 Unused Serialized files (Serialized files now loaded: 0)
System memory in use before: 95.1 MB.
System memory in use after: 95.2 MB.

Unloading 7 unused Assets to reduce memory usage. Loaded Objects now: 2401.
Total: 1.935900 ms (FindLiveObjects: 0.195900 ms CreateObjectMapping: 0.083200 ms MarkObjects: 1.640800 ms  DeleteObjects: 0.014600 ms)

========================================================================
Received Prepare
Registering precompiled user dll's ...
Registered in 0.001192 seconds.
Begin MonoManager ReloadAssembly
Native extension for WindowsStandalone target not found
Refreshing native plugins compatible for Editor in 0.50 ms, found 1 plugins.
Preloading 0 native plugins for Editor in 0.00 ms.
Invoked RoslynAnalysisRunner static constructor.
RoslynAnalysisRunner will not be running.
RoslynAnalysisRunner has terminated.
Mono: successfully reloaded assembly
- Completed reload, in  0.841 seconds
Platform modules already initialized, skipping
Refreshing native plugins compatible for Editor in 0.49 ms, found 1 plugins.
Preloading 0 native plugins for Editor in 0.00 ms.
Unloading 1866 Unused Serialized files (Serialized files now loaded: 0)
System memory in use before: 94.5 MB.
System memory in use after: 94.6 MB.

Unloading 7 unused Assets to reduce memory usage. Loaded Objects now: 2404.
Total: 2.056200 ms (FindLiveObjects: 0.221500 ms CreateObjectMapping: 0.091300 ms MarkObjects: 1.725200 ms  DeleteObjects: 0.017000 ms)

========================================================================
Received Import Request.
  Time since last request: 607.120313 seconds.
  path: Assets/Scenes/PrefabFactory.unity
  artifactKey: Guid(0dc2178490ef39a44a2e311d989f3edc) Importer(815301076,1909f56bfc062723c751e8b465ee728b)
Start importing Assets/Scenes/PrefabFactory.unity using Guid(0dc2178490ef39a44a2e311d989f3edc) Importer(815301076,1909f56bfc062723c751e8b465ee728b)  -> (artifact id: 'db34e71fc7bb63f69414324bc11d9ffa') in 0.014545 seconds
  Import took 0.114100 seconds .

========================================================================
Received Import Request.
  Time since last request: 162.370716 seconds.
  path: Assets/Scripts/Action/A_TroubleIncrease.cs
  artifactKey: Guid(2528d1bdf675b6e43b05727841f3f3b1) Importer(815301076,1909f56bfc062723c751e8b465ee728b)
Start importing Assets/Scripts/Action/A_TroubleIncrease.cs using Guid(2528d1bdf675b6e43b05727841f3f3b1) Importer(815301076,1909f56bfc062723c751e8b465ee728b)  -> (artifact id: '76df8f2b62726e273c1f14955381532e') in 0.005558 seconds
  Import took 0.025565 seconds .

========================================================================
Received Prepare
Registering precompiled user dll's ...
Registered in 0.001435 seconds.
Begin MonoManager ReloadAssembly
Native extension for WindowsStandalone target not found
Refreshing native plugins compatible for Editor in 0.48 ms, found 1 plugins.
Preloading 0 native plugins for Editor in 0.00 ms.
Invoked RoslynAnalysisRunner static constructor.
RoslynAnalysisRunner will not be running.
RoslynAnalysisRunner has terminated.
Mono: successfully reloaded assembly
- Completed reload, in  1.064 seconds
Platform modules already initialized, skipping
Refreshing native plugins compatible for Editor in 0.57 ms, found 1 plugins.
Preloading 0 native plugins for Editor in 0.00 ms.
Unloading 1867 Unused Serialized files (Serialized files now loaded: 0)
System memory in use before: 94.7 MB.
System memory in use after: 94.8 MB.

Unloading 7 unused Assets to reduce memory usage. Loaded Objects now: 2408.
Total: 2.051100 ms (FindLiveObjects: 0.225000 ms CreateObjectMapping: 0.084400 ms MarkObjects: 1.722700 ms  DeleteObjects: 0.017600 ms)

========================================================================
Received Prepare
Registering precompiled user dll's ...
Registered in 0.001132 seconds.
Begin MonoManager ReloadAssembly
Native extension for WindowsStandalone target not found
Refreshing native plugins compatible for Editor in 0.55 ms, found 1 plugins.
Preloading 0 native plugins for Editor in 0.00 ms.
Invoked RoslynAnalysisRunner static constructor.
RoslynAnalysisRunner will not be running.
RoslynAnalysisRunner has terminated.
Mono: successfully reloaded assembly
- Completed reload, in  0.877 seconds
Platform modules already initialized, skipping
Refreshing native plugins compatible for Editor in 0.49 ms, found 1 plugins.
Preloading 0 native plugins for Editor in 0.00 ms.
Unloading 1867 Unused Serialized files (Serialized files now loaded: 0)
System memory in use before: 95.0 MB.
System memory in use after: 95.1 MB.

Unloading 7 unused Assets to reduce memory usage. Loaded Objects now: 2411.
Total: 1.851900 ms (FindLiveObjects: 0.193400 ms CreateObjectMapping: 0.077600 ms MarkObjects: 1.565000 ms  DeleteObjects: 0.014800 ms)

========================================================================
Received Import Request.
  Time since last request: 301.747111 seconds.
  path: Assets/Scripts/Action/A_TroubleIncrease.cs
  artifactKey: Guid(2528d1bdf675b6e43b05727841f3f3b1) Importer(815301076,1909f56bfc062723c751e8b465ee728b)
Start importing Assets/Scripts/Action/A_TroubleIncrease.cs using Guid(2528d1bdf675b6e43b05727841f3f3b1) Importer(815301076,1909f56bfc062723c751e8b465ee728b)  -> (artifact id: 'eef76de6d5bf5a9df890a577227a344d') in 0.005351 seconds
  Import took 0.043239 seconds .

========================================================================
Received Prepare
Registering precompiled user dll's ...
Registered in 0.001558 seconds.
Begin MonoManager ReloadAssembly
Native extension for WindowsStandalone target not found
Refreshing native plugins compatible for Editor in 0.67 ms, found 1 plugins.
Preloading 0 native plugins for Editor in 0.00 ms.
Invoked RoslynAnalysisRunner static constructor.
RoslynAnalysisRunner will not be running.
RoslynAnalysisRunner has terminated.
Mono: successfully reloaded assembly
- Completed reload, in  0.937 seconds
Platform modules already initialized, skipping
Refreshing native plugins compatible for Editor in 0.48 ms, found 1 plugins.
Preloading 0 native plugins for Editor in 0.00 ms.
Unloading 1867 Unused Serialized files (Serialized files now loaded: 0)
System memory in use before: 95.2 MB.
System memory in use after: 95.3 MB.

Unloading 7 unused Assets to reduce memory usage. Loaded Objects now: 2414.
Total: 2.279700 ms (FindLiveObjects: 0.245100 ms CreateObjectMapping: 0.119000 ms MarkObjects: 1.897200 ms  DeleteObjects: 0.016800 ms)

========================================================================
Received Import Request.
  Time since last request: 133.307931 seconds.
  path: Assets/Prefabs/Act/Act_TroubleIncrease.prefab
  artifactKey: Guid(d4ef0cca03d21c54db492a843aa59909) Importer(815301076,1909f56bfc062723c751e8b465ee728b)
Start importing Assets/Prefabs/Act/Act_TroubleIncrease.prefab using Guid(d4ef0cca03d21c54db492a843aa59909) Importer(815301076,1909f56bfc062723c751e8b465ee728b)  -> (artifact id: '2c05942b9ac0d5307b485121cf738de4') in 0.039538 seconds
  Import took 0.059902 seconds .

========================================================================
Received Import Request.
  Time since last request: 0.002671 seconds.
  path: Assets/Prefabs/Act/Act_TroubleIncrease.prefab
  artifactKey: Guid(d4ef0cca03d21c54db492a843aa59909) Importer(815301076,1909f56bfc062723c751e8b465ee728b)
Start importing Assets/Prefabs/Act/Act_TroubleIncrease.prefab using Guid(d4ef0cca03d21c54db492a843aa59909) Importer(815301076,1909f56bfc062723c751e8b465ee728b)  -> (artifact id: '2c05942b9ac0d5307b485121cf738de4') in 0.005667 seconds
  Import took 0.008675 seconds .

========================================================================
Received Import Request.
  Time since last request: 5.932606 seconds.
  path: Assets/Prefabs/Enemy/Enemy_Basic.prefab
  artifactKey: Guid(e066845a9525d2348982b9b807d11555) Importer(815301076,1909f56bfc062723c751e8b465ee728b)
Start importing Assets/Prefabs/Enemy/Enemy_Basic.prefab using Guid(e066845a9525d2348982b9b807d11555) Importer(815301076,1909f56bfc062723c751e8b465ee728b)  -> (artifact id: '97e27884a948155263ce8200e12b77a2') in 0.005832 seconds
  Import took 0.061984 seconds .

========================================================================
Received Import Request.
  Time since last request: 0.000347 seconds.
  path: Assets/Prefabs/Enemy/Enemy_BomberAirShip.prefab
  artifactKey: Guid(f9b20f6eb10172a4d9823aa0ca08e409) Importer(815301076,1909f56bfc062723c751e8b465ee728b)
Start importing Assets/Prefabs/Enemy/Enemy_BomberAirShip.prefab using Guid(f9b20f6eb10172a4d9823aa0ca08e409) Importer(815301076,1909f56bfc062723c751e8b465ee728b)  -> (artifact id: '74195898ecac8e355925f224686e8670') in 0.005255 seconds
  Import took 0.060733 seconds .

========================================================================
Received Import Request.
  Time since last request: 0.000285 seconds.
  path: Assets/Prefabs/Enemy/Enemy_TroubleMakerKing.prefab
  artifactKey: Guid(91d6d2031f2ea5c4a844251936277fce) Importer(815301076,1909f56bfc062723c751e8b465ee728b)
Start importing Assets/Prefabs/Enemy/Enemy_TroubleMakerKing.prefab using Guid(91d6d2031f2ea5c4a844251936277fce) Importer(815301076,1909f56bfc062723c751e8b465ee728b)  -> (artifact id: 'f7a9d09619f990c1d9ebb78e34a3378d') in 0.005241 seconds
  Import took 0.040068 seconds .

========================================================================
Received Prepare
Registering precompiled user dll's ...
Registered in 0.001321 seconds.
Begin MonoManager ReloadAssembly
Native extension for WindowsStandalone target not found
Refreshing native plugins compatible for Editor in 0.56 ms, found 1 plugins.
Preloading 0 native plugins for Editor in 0.00 ms.
Invoked RoslynAnalysisRunner static constructor.
RoslynAnalysisRunner will not be running.
RoslynAnalysisRunner has terminated.
Mono: successfully reloaded assembly
- Completed reload, in  0.852 seconds
Platform modules already initialized, skipping
Refreshing native plugins compatible for Editor in 0.47 ms, found 1 plugins.
Preloading 0 native plugins for Editor in 0.00 ms.
Unloading 1867 Unused Serialized files (Serialized files now loaded: 0)
System memory in use before: 94.5 MB.
System memory in use after: 94.6 MB.

Unloading 8 unused Assets to reduce memory usage. Loaded Objects now: 2417.
Total: 1.761900 ms (FindLiveObjects: 0.158600 ms CreateObjectMapping: 0.055100 ms MarkObjects: 1.529500 ms  DeleteObjects: 0.017500 ms)

========================================================================
Received Import Request.
  Time since last request: 33.779879 seconds.
  path: Assets/Scripts/Manager/BattleManager.cs
  artifactKey: Guid(48b76f4776d5bed47a0d3d015895510a) Importer(815301076,1909f56bfc062723c751e8b465ee728b)
Start importing Assets/Scripts/Manager/BattleManager.cs using Guid(48b76f4776d5bed47a0d3d015895510a) Importer(815301076,1909f56bfc062723c751e8b465ee728b)  -> (artifact id: '8447834eec9c3344e30538d3f2ce9081') in 0.021196 seconds
  Import took 0.024504 seconds .

========================================================================
Received Prepare
Registering precompiled user dll's ...
Registered in 0.001185 seconds.
Begin MonoManager ReloadAssembly
Native extension for WindowsStandalone target not found
Refreshing native plugins compatible for Editor in 0.49 ms, found 1 plugins.
Preloading 0 native plugins for Editor in 0.00 ms.
Invoked RoslynAnalysisRunner static constructor.
RoslynAnalysisRunner will not be running.
RoslynAnalysisRunner has terminated.
Mono: successfully reloaded assembly
- Completed reload, in  0.849 seconds
Platform modules already initialized, skipping
Refreshing native plugins compatible for Editor in 0.49 ms, found 1 plugins.
Preloading 0 native plugins for Editor in 0.00 ms.
Unloading 1867 Unused Serialized files (Serialized files now loaded: 0)
System memory in use before: 94.7 MB.
System memory in use after: 94.8 MB.

Unloading 7 unused Assets to reduce memory usage. Loaded Objects now: 2420.
Total: 2.052800 ms (FindLiveObjects: 0.229200 ms CreateObjectMapping: 0.109500 ms MarkObjects: 1.696500 ms  DeleteObjects: 0.016100 ms)

========================================================================
Received Import Request.
  Time since last request: 70.031610 seconds.
  path: Assets/Scenes/Scene1.unity
  artifactKey: Guid(d78f309f30afbeb4a965d2c582a80791) Importer(815301076,1909f56bfc062723c751e8b465ee728b)
Start importing Assets/Scenes/Scene1.unity using Guid(d78f309f30afbeb4a965d2c582a80791) Importer(815301076,1909f56bfc062723c751e8b465ee728b)  -> (artifact id: 'd82696ec63abe57a0441f49d5e89ef66') in 0.016644 seconds
  Import took 0.145651 seconds .

========================================================================
Received Prepare
Registering precompiled user dll's ...
Registered in 0.001247 seconds.
Begin MonoManager ReloadAssembly
Native extension for WindowsStandalone target not found
Refreshing native plugins compatible for Editor in 0.52 ms, found 1 plugins.
Preloading 0 native plugins for Editor in 0.00 ms.
Invoked RoslynAnalysisRunner static constructor.
RoslynAnalysisRunner will not be running.
RoslynAnalysisRunner has terminated.
Mono: successfully reloaded assembly
- Completed reload, in  0.897 seconds
Platform modules already initialized, skipping
Refreshing native plugins compatible for Editor in 0.78 ms, found 1 plugins.
Preloading 0 native plugins for Editor in 0.00 ms.
Unloading 1867 Unused Serialized files (Serialized files now loaded: 0)
System memory in use before: 95.0 MB.
System memory in use after: 95.1 MB.

Unloading 7 unused Assets to reduce memory usage. Loaded Objects now: 2423.
Total: 2.126200 ms (FindLiveObjects: 0.203300 ms CreateObjectMapping: 0.076100 ms MarkObjects: 1.826600 ms  DeleteObjects: 0.018800 ms)

========================================================================
Received Import Request.
  Time since last request: 43.376768 seconds.
  path: Assets/Prefabs/Enemy/Enemy_TroubleMakerKing.prefab
  artifactKey: Guid(91d6d2031f2ea5c4a844251936277fce) Importer(815301076,1909f56bfc062723c751e8b465ee728b)
Start importing Assets/Prefabs/Enemy/Enemy_TroubleMakerKing.prefab using Guid(91d6d2031f2ea5c4a844251936277fce) Importer(815301076,1909f56bfc062723c751e8b465ee728b)  -> (artifact id: '9e6a5dce63cfce3b3ce25e0dbee66d5a') in 0.028819 seconds
  Import took 0.032554 seconds .

========================================================================
Received Import Request.
  Time since last request: 1.177605 seconds.
  path: Assets/Prefabs/Enemy/Enemy_TroubleMakerKing.prefab
  artifactKey: Guid(91d6d2031f2ea5c4a844251936277fce) Importer(815301076,1909f56bfc062723c751e8b465ee728b)
Start importing Assets/Prefabs/Enemy/Enemy_TroubleMakerKing.prefab using Guid(91d6d2031f2ea5c4a844251936277fce) Importer(815301076,1909f56bfc062723c751e8b465ee728b)  -> (artifact id: 'debc87fd571984f5d90924b105db57cc') in 0.005957 seconds
  Import took 0.009796 seconds .

========================================================================
Received Prepare
Registering precompiled user dll's ...
Registered in 0.002635 seconds.
Begin MonoManager ReloadAssembly
Native extension for WindowsStandalone target not found
Refreshing native plugins compatible for Editor in 0.49 ms, found 1 plugins.
Preloading 0 native plugins for Editor in 0.00 ms.
Invoked RoslynAnalysisRunner static constructor.
RoslynAnalysisRunner will not be running.
RoslynAnalysisRunner has terminated.
Mono: successfully reloaded assembly
- Completed reload, in  1.041 seconds
Platform modules already initialized, skipping
Refreshing native plugins compatible for Editor in 0.54 ms, found 1 plugins.
Preloading 0 native plugins for Editor in 0.00 ms.
Unloading 1867 Unused Serialized files (Serialized files now loaded: 0)
System memory in use before: 95.2 MB.
System memory in use after: 95.3 MB.

Unloading 7 unused Assets to reduce memory usage. Loaded Objects now: 2426.
Total: 2.202500 ms (FindLiveObjects: 0.212800 ms CreateObjectMapping: 0.088100 ms MarkObjects: 1.883600 ms  DeleteObjects: 0.016200 ms)

AssetImportWorkerClient::OnTransportError - code=2 error=End of file
